Arguments: 
  C:\Program Files\nodejs\node.exe C:\Users\00509060\AppData\Roaming\npm\node_modules\yarn\bin\yarn.js install

PATH: 
  C:\ProgramData\Oracle\Java\javapath;C:\Program Files (x86)\Intel\Intel(R) Management Engine Components\iCLS\;C:\Program Files\Intel\Intel(R) Management Engine Components\iCLS\;C:\Windows\system32;C:\Windows;C:\Windows\System32\Wbem;C:\Windows\System32\WindowsPowerShell\v1.0\;C:\Program Files (x86)\Intel\Intel(R) Management Engine Components\DAL;C:\Program Files\Intel\Intel(R) Management Engine Components\DAL;C:\Program Files (x86)\Intel\Intel(R) Management Engine Components\IPT;C:\Program Files\Intel\Intel(R) Management Engine Components\IPT;C:\Program Files\nodejs\;C:\Program Files\PuTTY\;C:\Program Files\TortoiseGit\bin;C:\Program Files\Point Grey Research\FlyCap2 Viewer\bin64;C:\Program Files\Aladdin\eToken\PKIClient\x32;C:\Program Files\Aladdin\eToken\PKIClient\x64;C:\oracle\instantclient_12_2;C:\Python27;C:\Users\00509060\AppData\Local\Microsoft\WindowsApps;C:\Users\00509060\AppData\Roaming\npm;C:\Users\00509060\AppData\Local\GitHubDesktop\bin;C:\Users\00509060\AppData\Local\Programs\Git\cmd;C:\Program Files\Microsoft VS Code\bin

Yarn version: 
  1.7.0

Node version: 
  8.9.4

Platform: 
  win32 x64

Trace: 
  Error: getaddrinfo ENOTFOUND registry.npmjs.org registry.npmjs.org:80
      at errnoException (dns.js:50:10)
      at GetAddrInfoReqWrap.onlookup [as oncomplete] (dns.js:92:26)

npm manifest: 
  {
    "name": "oracledb",
    "version": "2.3.0-dev",
    "description": "A Node.js module for Oracle Database access",
    "license": "Apache-2.0",
    "homepage": "http://oracle.github.io/node-oracledb/",
    "keywords": [
      "Oracle",
      "Database",
      "official",
      "DB",
      "SQL",
      "JSON",
      "PL/SQL",
      "OCI",
      "API",
      "client",
      "library",
      "driver",
      "add-on",
      "extension",
      "binding",
      "interface",
      "adapter",
      "module"
    ],
    "repository": {
      "type": "git",
      "url": "git://github.com/oracle/node-oracledb.git"
    },
    "dependencies": {
      "global-tunnel": "^1.2.0",
      "nan": "~2.10.0",
      "node-gyp": "^3.6.2"
    },
    "devDependencies": {
      "mocha": "^2.4.5",
      "should": "^8.3.1",
      "async": "^1.5.0"
    },
    "scripts": {
      "test": "mocha --opts test/opts/mocha.opts",
      "posttest": "node test/opts/version.js"
    },
    "engines": {
      "node": ">=4"
    },
    "maintainers": [
      {
        "name": "Oracle Corp."
      }
    ],
    "bugs": {
      "url": "https://github.com/oracle/node-oracledb/issues"
    },
    "main": "./index.js"
  }

yarn manifest: 
  No manifest

Lockfile: 
  No lockfile
